d:\cpp_sdl_pathfindingai\sdl_pathfinding\sdl_pathfinding\sdl_pathfinding\debug\vc141.pdb
d:\cpp_sdl_pathfindingai\sdl_pathfinding\sdl_pathfinding\sdl_pathfinding\debug\vc141.idb
d:\cpp_sdl_pathfindingai\sdl_pathfinding\sdl_pathfinding\sdl_pathfinding\debug\agent.obj
d:\cpp_sdl_pathfindingai\sdl_pathfinding\sdl_pathfinding\sdl_pathfinding\debug\graph.obj
d:\cpp_sdl_pathfindingai\sdl_pathfinding\sdl_pathfinding\sdl_pathfinding\debug\main.obj
d:\cpp_sdl_pathfindingai\sdl_pathfinding\sdl_pathfinding\sdl_pathfinding\debug\scenepathfinding.obj
d:\cpp_sdl_pathfindingai\sdl_pathfinding\sdl_pathfinding\sdl_pathfinding\debug\sdl_simpleapp.obj
d:\cpp_sdl_pathfindingai\sdl_pathfinding\sdl_pathfinding\sdl_pathfinding\debug\steeringbehavior.obj
d:\cpp_sdl_pathfindingai\sdl_pathfinding\sdl_pathfinding\sdl_pathfinding\debug\utils.obj
d:\cpp_sdl_pathfindingai\sdl_pathfinding\bin\sdl_pathfinding.exe
d:\cpp_sdl_pathfindingai\sdl_pathfinding\bin\sdl_pathfinding.ilk
d:\cpp_sdl_pathfindingai\sdl_pathfinding\bin\sdl_pathfinding.pdb
d:\cpp_sdl_pathfindingai\sdl_pathfinding\\bin\sdl_pathfinding.pdb
d:\cpp_sdl_pathfindingai\sdl_pathfinding\\bin\sdl_pathfinding.exe
d:\cpp_sdl_pathfindingai\sdl_pathfinding\\bin\sdl_pathfinding.ilk
d:\cpp_sdl_pathfindingai\sdl_pathfinding\sdl_pathfinding\sdl_pathfinding\debug\sdl_pathfinding.tlog\cl.command.1.tlog
d:\cpp_sdl_pathfindingai\sdl_pathfinding\sdl_pathfinding\sdl_pathfinding\debug\sdl_pathfinding.tlog\cl.read.1.tlog
d:\cpp_sdl_pathfindingai\sdl_pathfinding\sdl_pathfinding\sdl_pathfinding\debug\sdl_pathfinding.tlog\cl.write.1.tlog
d:\cpp_sdl_pathfindingai\sdl_pathfinding\sdl_pathfinding\sdl_pathfinding\debug\sdl_pathfinding.tlog\link.command.1.tlog
d:\cpp_sdl_pathfindingai\sdl_pathfinding\sdl_pathfinding\sdl_pathfinding\debug\sdl_pathfinding.tlog\link.read.1.tlog
d:\cpp_sdl_pathfindingai\sdl_pathfinding\sdl_pathfinding\sdl_pathfinding\debug\sdl_pathfinding.tlog\link.write.1.tlog
